<?xml version="1.0" encoding="UTF-8"?>
<!-- Generated by org.testng.reporters.JUnitXMLReporter -->
<testsuite ignored="0" hostname="Kunjs-MacBook-Pro.local" failures="0" tests="4" name="Default test" time="6.334" errors="0" timestamp="2026-07-16T00:39:21 IST">
  <testcase classname="Day1.HTTPRequests" name="getUsers" time="3.169"/>
  <testcase classname="Day1.HTTPRequests" name="createUser" time="1.303"/>
  <testcase classname="Day1.HTTPRequests" name="updateUser" time="0.87"/>
  <testcase classname="Day1.HTTPRequests" name="deleteUser" time="0.904"/>
</testsuite> <!-- Default test -->
